2025-11-06 15:55:32.784: [INFO][Sync] Reset engine, reason: 8
2025-11-06 15:55:32.784: [INFO][Sync] Stopped: Bookmarks
2025-11-06 15:55:32.784: [INFO][Sync] Stopped: Preferences
2025-11-06 15:55:32.784: [INFO][Sync] Stopped: Passwords
2025-11-06 15:55:32.784: [INFO][Sync] Stopped: Autofill Profiles
2025-11-06 15:55:32.784: [INFO][Sync] Stopped: Autofill
2025-11-06 15:55:32.784: [INFO][Sync] Stopped: Extensions
2025-11-06 15:55:32.784: [INFO][Sync] Stopped: Sessions
2025-11-06 15:55:32.784: [INFO][Sync] Stopped: Extension settings
2025-11-06 15:55:32.784: [INFO][Sync] Stopped: History Delete Directives
2025-11-06 15:55:32.784: [INFO][Sync] Stopped: Device Info
2025-11-06 15:55:32.784: [INFO][Sync] Stopped: User Consents
2025-11-06 15:55:32.784: [INFO][Sync] Stopped: Send Tab To Self
2025-11-06 15:55:32.784: [INFO][Sync] Stopped: Web Apps
2025-11-06 15:55:32.784: [INFO][Sync] Stopped: History
2025-11-06 15:55:32.784: [INFO][Sync] Stopped: Saved Tab Group
2025-11-06 15:55:32.784: [INFO][Sync] Stopped: WebAuthn Credentials
2025-11-06 15:55:32.784: [INFO][Sync] Stopped: Collection
2025-11-06 15:55:32.784: [INFO][Sync] Stopped: Edge E Drop
2025-11-06 15:55:32.784: [INFO][Sync] Stopped: Edge Hub App Usage
2025-11-06 15:55:32.784: [INFO][Sync] Stopped: Edge Wallet
2025-11-06 15:55:32.784: [INFO][Sync] SyncState after authenticated was: NotSignedIn
2025-11-06 15:55:33.000: [INFO][Sync] Reset engine, reason: 8
2025-11-06 15:55:33.000: [INFO][Sync] Stopped: Bookmarks
2025-11-06 15:55:33.000: [INFO][Sync] Stopped: Preferences
2025-11-06 15:55:33.000: [INFO][Sync] Stopped: Passwords
2025-11-06 15:55:33.000: [INFO][Sync] Stopped: Autofill Profiles
2025-11-06 15:55:33.000: [INFO][Sync] Stopped: Autofill
2025-11-06 15:55:33.000: [INFO][Sync] Stopped: Extensions
2025-11-06 15:55:33.000: [INFO][Sync] Stopped: Sessions
2025-11-06 15:55:33.000: [INFO][Sync] Stopped: Extension settings
2025-11-06 15:55:33.000: [INFO][Sync] Stopped: History Delete Directives
2025-11-06 15:55:33.000: [INFO][Sync] Stopped: Device Info
2025-11-06 15:55:33.000: [INFO][Sync] Stopped: User Consents
2025-11-06 15:55:33.000: [INFO][Sync] Stopped: Send Tab To Self
2025-11-06 15:55:33.000: [INFO][Sync] Stopped: Web Apps
2025-11-06 15:55:33.000: [INFO][Sync] Stopped: History
2025-11-06 15:55:33.000: [INFO][Sync] Stopped: Saved Tab Group
2025-11-06 15:55:33.000: [INFO][Sync] Stopped: WebAuthn Credentials
2025-11-06 15:55:33.000: [INFO][Sync] Stopped: Collection
2025-11-06 15:55:33.000: [INFO][Sync] Stopped: Edge E Drop
2025-11-06 15:55:33.001: [INFO][Sync] Stopped: Edge Hub App Usage
2025-11-06 15:55:33.001: [INFO][Sync] Stopped: Edge Wallet
2025-11-06 15:55:50.827: [INFO][Sync] Reset engine, reason: 0
2025-11-06 15:56:58.234: [INFO][Sync] SyncState after authenticated was: FeatureCanStart
2025-11-06 15:57:28.941: [INFO][Sync] Reset engine, reason: 0
2025-11-06 16:22:25.437: [INFO][Sync] SyncState after authenticated was: FeatureCanStart
2025-11-06 16:22:56.063: [INFO][Sync] Reset engine, reason: 0
2025-11-06 16:30:59.144: [INFO][Sync] SyncState after authenticated was: FeatureCanStart
2025-11-06 16:31:19.970: [INFO][Sync] Reset engine, reason: 0
2025-11-06 16:38:16.821: [INFO][Sync] SyncState after authenticated was: FeatureCanStart
2025-11-06 16:38:44.730: [INFO][Sync] Reset engine, reason: 0
2025-11-06 23:00:13.634: [INFO][Sync] SyncState after authenticated was: FeatureCanStart
2025-11-06 23:09:49.102: [INFO][Sync] Reset engine, reason: 0
2025-11-06 23:13:46.646: [INFO][Sync] SyncState after authenticated was: FeatureCanStart
2025-11-06 23:14:18.408: [INFO][Sync] Reset engine, reason: 0
2025-11-06 23:14:49.061: [INFO][Sync] SyncState after authenticated was: FeatureCanStart
2025-11-06 23:18:20.692: [INFO][Sync] Reset engine, reason: 0
2025-11-06 23:22:44.551: [INFO][Sync] SyncState after authenticated was: FeatureCanStart
2025-11-06 23:22:59.741: [INFO][Sync] Reset engine, reason: 0
2025-11-06 23:23:44.669: [INFO][Sync] SyncState after authenticated was: FeatureCanStart
2025-11-06 23:24:06.351: [INFO][Sync] Reset engine, reason: 0
2025-11-06 23:24:35.868: [INFO][Sync] SyncState after authenticated was: FeatureCanStart
2025-11-06 23:25:15.309: [INFO][Sync] Reset engine, reason: 0
2025-11-06 23:25:48.471: [INFO][Sync] SyncState after authenticated was: FeatureCanStart
2025-11-06 23:26:02.127: [INFO][Sync] Reset engine, reason: 0
2025-11-06 23:27:01.661: [INFO][Sync] SyncState after authenticated was: FeatureCanStart
2025-11-06 23:27:23.129: [INFO][Sync] Reset engine, reason: 0
2025-11-06 23:28:43.546: [INFO][Sync] SyncState after authenticated was: FeatureCanStart
2025-11-06 23:29:26.602: [INFO][Sync] Reset engine, reason: 0
2025-11-06 23:29:55.228: [INFO][Sync] SyncState after authenticated was: FeatureCanStart
2025-11-06 23:30:13.949: [INFO][Sync] Reset engine, reason: 0
2025-11-13 16:17:56.773: [INFO][Sync] SyncState after authenticated was: FeatureCanStart
2025-11-13 16:18:39.745: [INFO][Sync] Reset engine, reason: 0
2025-11-13 16:36:19.792: [INFO][Sync] SyncState after authenticated was: FeatureCanStart
2025-11-13 16:36:36.183: [INFO][Sync] Reset engine, reason: 0
2025-11-13 16:38:43.171: [INFO][Sync] SyncState after authenticated was: FeatureCanStart
2025-11-13 16:38:55.645: [INFO][Sync] Reset engine, reason: 0
2025-11-13 16:53:25.012: [INFO][Sync] SyncState after authenticated was: FeatureCanStart
2025-11-13 16:54:04.344: [INFO][Sync] Reset engine, reason: 0
2025-11-13 17:01:01.242: [INFO][Sync] SyncState after authenticated was: FeatureCanStart
2025-11-13 17:01:31.883: [INFO][Sync] Reset engine, reason: 0
2025-11-13 17:07:42.756: [INFO][Sync] SyncState after authenticated was: FeatureCanStart
2025-11-13 17:08:18.709: [INFO][Sync] Reset engine, reason: 0
2025-11-13 17:14:08.322: [INFO][Sync] SyncState after authenticated was: FeatureCanStart
2025-11-13 17:15:13.994: [INFO][Sync] Reset engine, reason: 0
2025-11-13 17:24:24.832: [INFO][Sync] SyncState after authenticated was: FeatureCanStart
2025-11-13 17:24:54.589: [INFO][Sync] Reset engine, reason: 0
2025-11-13 17:34:46.622: [INFO][Sync] SyncState after authenticated was: FeatureCanStart
2025-11-13 17:35:37.537: [INFO][Sync] Reset engine, reason: 0
2025-11-14 10:06:00.021: [INFO][Sync] SyncState after authenticated was: FeatureCanStart
2025-11-14 10:06:23.991: [INFO][Sync] Reset engine, reason: 0
2025-11-14 10:09:07.898: [INFO][Sync] SyncState after authenticated was: FeatureCanStart
2025-11-14 10:10:01.728: [INFO][Sync] Reset engine, reason: 0
2025-11-14 10:14:07.949: [INFO][Sync] SyncState after authenticated was: FeatureCanStart
2025-11-14 10:51:20.757: [INFO][Sync] Reset engine, reason: 0
2025-11-14 10:51:53.940: [INFO][Sync] SyncState after authenticated was: FeatureCanStart
2025-11-14 10:52:10.260: [INFO][Sync] Reset engine, reason: 0
2025-11-20 17:36:31.564: [INFO][Sync] SyncState after authenticated was: FeatureCanStart
2025-11-20 17:36:59.798: [INFO][Sync] Reset engine, reason: 0
2025-11-20 17:45:47.946: [INFO][Sync] SyncState after authenticated was: FeatureCanStart
2025-11-20 17:46:21.486: [INFO][Sync] Reset engine, reason: 0
2025-11-20 17:50:42.266: [INFO][Sync] SyncState after authenticated was: FeatureCanStart
2025-11-20 17:51:08.860: [INFO][Sync] Reset engine, reason: 0
